[debug] [2025-05-20T07:02:03.758Z] ----------------------------------------------------------------------
[debug] [2025-05-20T07:02:03.761Z] Command:       C:\Program Files\nodejs\node.exe C:\Users\ricka\AppData\Roaming\npm\node_modules\firebase-tools\lib\bin\firebase.js deploy --only hosting
[debug] [2025-05-20T07:02:03.761Z] CLI Version:   14.2.1
[debug] [2025-05-20T07:02:03.761Z] Platform:      win32
[debug] [2025-05-20T07:02:03.761Z] Node Version:  v22.14.0
[debug] [2025-05-20T07:02:03.762Z] Time:          Tue May 20 2025 12:32:03 GMT+0530 (India Standard Time)
[debug] [2025-05-20T07:02:03.762Z] ----------------------------------------------------------------------
[debug] 
[debug] [2025-05-20T07:02:03.765Z] >>> [apiv2][query] GET https://firebase-public.firebaseio.com/cli.json [none]
[debug] [2025-05-20T07:02:03.979Z] > command requires scopes: ["email","openid","https://www.googleapis.com/auth/cloudplatformprojects.readonly","https://www.googleapis.com/auth/firebase","https://www.googleapis.com/auth/cloud-platform"]
[debug] [2025-05-20T07:02:03.979Z] > authorizing via signed-in user (dreamdrive1818@gmail.com)
[debug] [2025-05-20T07:02:03.979Z] [iam] checking project antivirus-b05d0 for permissions ["firebase.projects.get","firebasehosting.sites.update"]
[debug] [2025-05-20T07:02:03.980Z] Checked if tokens are valid: false, expires at: 1747433154838
[debug] [2025-05-20T07:02:03.980Z] Checked if tokens are valid: false, expires at: 1747433154838
[debug] [2025-05-20T07:02:03.980Z] > refreshing access token with scopes: []
[debug] [2025-05-20T07:02:03.981Z] >>> [apiv2][query] POST https://www.googleapis.com/oauth2/v3/token [none]
[debug] [2025-05-20T07:02:03.981Z] >>> [apiv2][body] POST https://www.googleapis.com/oauth2/v3/token [omitted]
[debug] [2025-05-20T07:02:04.215Z] <<< [apiv2][status] POST https://www.googleapis.com/oauth2/v3/token 200
[debug] [2025-05-20T07:02:04.215Z] <<< [apiv2][body] POST https://www.googleapis.com/oauth2/v3/token [omitted]
[debug] [2025-05-20T07:02:04.221Z] >>> [apiv2][query] POST https://cloudresourcemanager.googleapis.com/v1/projects/antivirus-b05d0:testIamPermissions [none]
[debug] [2025-05-20T07:02:04.221Z] >>> [apiv2][(partial)header] POST https://cloudresourcemanager.googleapis.com/v1/projects/antivirus-b05d0:testIamPermissions x-goog-quota-user=projects/antivirus-b05d0
[debug] [2025-05-20T07:02:04.221Z] >>> [apiv2][body] POST https://cloudresourcemanager.googleapis.com/v1/projects/antivirus-b05d0:testIamPermissions {"permissions":["firebase.projects.get","firebasehosting.sites.update"]}
[debug] [2025-05-20T07:02:04.598Z] <<< [apiv2][status] GET https://firebase-public.firebaseio.com/cli.json 200
[debug] [2025-05-20T07:02:04.598Z] <<< [apiv2][body] GET https://firebase-public.firebaseio.com/cli.json {"cloudBuildErrorAfter":1594252800000,"cloudBuildWarnAfter":1590019200000,"defaultNode10After":1594252800000,"minVersion":"3.0.5","node8DeploysDisabledAfter":1613390400000,"node8RuntimeDisabledAfter":1615809600000,"node8WarnAfter":1600128000000}
[debug] [2025-05-20T07:02:05.794Z] <<< [apiv2][status] POST https://cloudresourcemanager.googleapis.com/v1/projects/antivirus-b05d0:testIamPermissions 200
[debug] [2025-05-20T07:02:05.794Z] <<< [apiv2][body] POST https://cloudresourcemanager.googleapis.com/v1/projects/antivirus-b05d0:testIamPermissions {}
[debug] [2025-05-20T07:02:05.795Z] [iam] error while checking permissions, command may fail: Authorization failed. This account is missing the following required permissions on project antivirus-b05d0:

  firebase.projects.get
  firebasehosting.sites.update
[debug] [2025-05-20T07:02:05.795Z] Checked if tokens are valid: true, expires at: 1747728123215
[debug] [2025-05-20T07:02:05.795Z] Checked if tokens are valid: true, expires at: 1747728123215
[debug] [2025-05-20T07:02:05.795Z] >>> [apiv2][query] GET https://firebase.googleapis.com/v1beta1/projects/antivirus-b05d0 [none]
[debug] [2025-05-20T07:02:06.303Z] <<< [apiv2][status] GET https://firebase.googleapis.com/v1beta1/projects/antivirus-b05d0 403
[debug] [2025-05-20T07:02:06.303Z] <<< [apiv2][body] GET https://firebase.googleapis.com/v1beta1/projects/antivirus-b05d0 {"error":{"code":403,"message":"The caller does not have permission","status":"PERMISSION_DENIED"}}
[debug] [2025-05-20T07:02:06.303Z] Request to https://firebase.googleapis.com/v1beta1/projects/antivirus-b05d0 had HTTP Error: 403, The caller does not have permission
[debug] [2025-05-20T07:02:06.534Z] FirebaseError: Request to https://firebase.googleapis.com/v1beta1/projects/antivirus-b05d0 had HTTP Error: 403, The caller does not have permission
    at responseToError (C:\Users\ricka\AppData\Roaming\npm\node_modules\firebase-tools\lib\responseToError.js:52:12)
    at RetryOperation._fn (C:\Users\ricka\AppData\Roaming\npm\node_modules\firebase-tools\lib\apiv2.js:312:77)
    at process.processTicksAndRejections (node:internal/process/task_queues:105:5)
[error] 
[error] Error: Failed to get Firebase project antivirus-b05d0. Please make sure the project exists and your account has permission to access it.
